<?xml version="1.0" encoding="UTF-8"?>
<testng-results ignored="0" total="3" passed="3" failed="0" skipped="0">
  <reporter-output>
  </reporter-output>
  <suite started-at="2024-09-10T09:00:56 IST" name="Default suite" finished-at="2024-09-10T09:00:56 IST" duration-ms="76">
    <groups>
    </groups>
    <test started-at="2024-09-10T09:00:56 IST" name="Default test" finished-at="2024-09-10T09:00:56 IST" duration-ms="76">
      <class name="testng.Testingng">
        <test-method signature="login()[pri:-1, instance:testng.Testingng@323b36e0]" started-at="2024-09-10T09:00:56 IST" name="login" finished-at="2024-09-10T09:00:56 IST" duration-ms="13" status="PASS">
          <reporter-output>
          </reporter-output>
        </test-method> <!-- login -->
        <test-method signature="openapp()[pri:1, instance:testng.Testingng@323b36e0]" started-at="2024-09-10T09:00:56 IST" name="openapp" finished-at="2024-09-10T09:00:56 IST" duration-ms="1" status="PASS">
          <reporter-output>
          </reporter-output>
        </test-method> <!-- openapp -->
        <test-method signature="logout()[pri:3, instance:testng.Testingng@323b36e0]" started-at="2024-09-10T09:00:56 IST" name="logout" finished-at="2024-09-10T09:00:56 IST" duration-ms="2" status="PASS">
          <reporter-output>
          </reporter-output>
        </test-method> <!-- logout -->
      </class> <!-- testng.Testingng -->
    </test> <!-- Default test -->
  </suite> <!-- Default suite -->
</testng-results>
