<?xml version="1.0" encoding="UTF-8"?>
<!-- Generated by org.testng.reporters.JUnitXMLReporter -->
<testsuite ignored="0" hostname="DESKTOP-ABUM4NM" failures="0" tests="3" name="Default test" time="0.076" errors="0" timestamp="2024-09-10T09:00:56 IST">
  <testcase classname="testng.Testingng" name="login" time="0.013"/>
  <testcase classname="testng.Testingng" name="openapp" time="0.001"/>
  <testcase classname="testng.Testingng" name="logout" time="0.002"/>
</testsuite> <!-- Default test -->
